<?xml version="1.0" encoding="UTF-8"?>
<testsuite xmlns:xsi="http://www.w3.org/2001/XMLSchema-instance" xsi:noNamespaceSchemaLocation="https://maven.apache.org/surefire/maven-surefire-plugin/xsd/surefire-test-report.xsd" name="com.handong.oh318.CoderTest" time="0.155" tests="5" errors="0" skipped="0" failures="0">
  <properties>
    <property name="java.specification.version" value="17"/>
    <property name="sun.jnu.encoding" value="UTF-8"/>
    <property name="java.class.path" value="/Users/slavavorobev/gh/J-Diagram/converter/target/test-classes:/Users/slavavorobev/gh/J-Diagram/converter/target/classes:/Users/slavavorobev/.m2/repository/junit/junit/4.11/junit-4.11.jar:/Users/slavavorobev/.m2/repository/org/hamcrest/hamcrest-core/1.3/hamcrest-core-1.3.jar:/Users/slavavorobev/.m2/repository/org/jboss/forge/roaster/roaster-api/2.30.1.Final/roaster-api-2.30.1.Final.jar:/Users/slavavorobev/.m2/repository/org/jboss/forge/roaster/roaster-jdt/2.30.1.Final/roaster-jdt-2.30.1.Final.jar:/Users/slavavorobev/.m2/repository/commons-io/commons-io/2.11.0/commons-io-2.11.0.jar:/Users/slavavorobev/.m2/repository/org/assertj/assertj-core/3.6.2/assertj-core-3.6.2.jar:"/>
    <property name="java.vm.vendor" value="Oracle Corporation"/>
    <property name="sun.arch.data.model" value="64"/>
    <property name="java.vendor.url" value="https://java.oracle.com/"/>
    <property name="user.timezone" value="Asia/Irkutsk"/>
    <property name="os.name" value="Mac OS X"/>
    <property name="java.vm.specification.version" value="17"/>
    <property name="sun.java.launcher" value="SUN_STANDARD"/>
    <property name="user.country" value="RU"/>
    <property name="sun.boot.library.path" value="/Users/slavavorobev/.sdkman/candidates/java/17.0.10-graal/lib"/>
    <property name="sun.java.command" value="/Users/slavavorobev/gh/J-Diagram/converter/target/surefire/surefirebooter535816194539343200.jar /Users/slavavorobev/gh/J-Diagram/converter/target/surefire 2025-04-15T02-55-31_657-jvmRun1 surefire15221968465573925063tmp surefire_05860665630980767232tmp"/>
    <property name="http.nonProxyHosts" value="local|*.local|169.254/16|*.169.254/16"/>
    <property name="jdk.debug" value="release"/>
    <property name="surefire.test.class.path" value="/Users/slavavorobev/gh/J-Diagram/converter/target/test-classes:/Users/slavavorobev/gh/J-Diagram/converter/target/classes:/Users/slavavorobev/.m2/repository/junit/junit/4.11/junit-4.11.jar:/Users/slavavorobev/.m2/repository/org/hamcrest/hamcrest-core/1.3/hamcrest-core-1.3.jar:/Users/slavavorobev/.m2/repository/org/jboss/forge/roaster/roaster-api/2.30.1.Final/roaster-api-2.30.1.Final.jar:/Users/slavavorobev/.m2/repository/org/jboss/forge/roaster/roaster-jdt/2.30.1.Final/roaster-jdt-2.30.1.Final.jar:/Users/slavavorobev/.m2/repository/commons-io/commons-io/2.11.0/commons-io-2.11.0.jar:/Users/slavavorobev/.m2/repository/org/assertj/assertj-core/3.6.2/assertj-core-3.6.2.jar:"/>
    <property name="sun.cpu.endian" value="little"/>
    <property name="user.home" value="/Users/slavavorobev"/>
    <property name="user.language" value="ru"/>
    <property name="java.specification.vendor" value="Oracle Corporation"/>
    <property name="java.version.date" value="2024-01-16"/>
    <property name="java.home" value="/Users/slavavorobev/.sdkman/candidates/java/17.0.10-graal"/>
    <property name="file.separator" value="/"/>
    <property name="basedir" value="/Users/slavavorobev/gh/J-Diagram/converter"/>
    <property name="java.vm.compressedOopsMode" value="Zero based"/>
    <property name="jdk.internal.vm.ci.enabled" value="true"/>
    <property name="line.separator" value="&#10;"/>
    <property name="java.vm.specification.vendor" value="Oracle Corporation"/>
    <property name="java.specification.name" value="Java Platform API Specification"/>
    <property name="apple.awt.application.name" value="ForkedBooter"/>
    <property name="surefire.real.class.path" value="/Users/slavavorobev/gh/J-Diagram/converter/target/surefire/surefirebooter535816194539343200.jar"/>
    <property name="sun.management.compiler" value="HotSpot 64-Bit Tiered Compilers"/>
    <property name="ftp.nonProxyHosts" value="local|*.local|169.254/16|*.169.254/16"/>
    <property name="java.runtime.version" value="17.0.10+11-LTS-jvmci-23.0-b27"/>
    <property name="user.name" value="slavavorobev"/>
    <property name="path.separator" value=":"/>
    <property name="os.version" value="15.3.2"/>
    <property name="java.runtime.name" value="Java(TM) SE Runtime Environment"/>
    <property name="file.encoding" value="UTF-8"/>
    <property name="java.vm.name" value="Java HotSpot(TM) 64-Bit Server VM"/>
    <property name="java.vendor.version" value="Oracle GraalVM 17.0.10+11.1"/>
    <property name="localRepository" value="/Users/slavavorobev/.m2/repository"/>
    <property name="java.vendor.url.bug" value="https://bugreport.java.com/bugreport/"/>
    <property name="java.io.tmpdir" value="/var/folders/jz/d8_whp7x1zbdljc36g0dn0n40000gn/T/"/>
    <property name="java.version" value="17.0.10"/>
    <property name="user.dir" value="/Users/slavavorobev/gh/J-Diagram/converter"/>
    <property name="os.arch" value="aarch64"/>
    <property name="java.vm.specification.name" value="Java Virtual Machine Specification"/>
    <property name="native.encoding" value="UTF-8"/>
    <property name="java.library.path" value="/Users/slavavorobev/Library/Java/Extensions:/Library/Java/Extensions:/Network/Library/Java/Extensions:/System/Library/Java/Extensions:/usr/lib/java:."/>
    <property name="java.vm.info" value="mixed mode, sharing"/>
    <property name="java.vendor" value="Oracle Corporation"/>
    <property name="java.vm.version" value="17.0.10+11-LTS-jvmci-23.0-b27"/>
    <property name="sun.io.unicode.encoding" value="UnicodeBig"/>
    <property name="socksNonProxyHosts" value="local|*.local|169.254/16|*.169.254/16"/>
    <property name="java.class.version" value="61.0"/>
  </properties>
  <testcase name="testCreateSourceCodes" classname="com.handong.oh318.CoderTest" time="0.152"/>
  <testcase name="testSetPointsOfEdges" classname="com.handong.oh318.CoderTest" time="0.001"/>
  <testcase name="testMethods" classname="com.handong.oh318.CoderTest" time="0.001"/>
  <testcase name="testSetInheritanceAndInterface" classname="com.handong.oh318.CoderTest" time="0.001"/>
  <testcase name="testIsRange" classname="com.handong.oh318.CoderTest" time="0"/>
</testsuite>